This file contains any messages produced by compilers while
running configure, to aid debugging if configure makes a mistake.

It was created by Mesquite configure 2.2.0, which was
generated by GNU Autoconf 2.65.  Invocation command line was

  $ ./configure 

## --------- ##
## Platform. ##
## --------- ##

hostname = ubuntu
uname -m = x86_64
uname -r = 3.2.0-35-generic
uname -s = Linux
uname -v = #55-Ubuntu SMP Wed Dec 5 17:42:16 UTC 2012

/usr/bin/uname -p = unknown
/bin/uname -X     = unknown

/bin/arch              = unknown
/usr/bin/arch -k       = unknown
/usr/convex/getsysinfo = unknown
/usr/bin/hostinfo      = unknown
/bin/machine           = unknown
/usr/bin/oslevel       = unknown
/bin/universe          = unknown

PATH: /usr/lib/lightdm/lightdm
PATH: /usr/local/sbin
PATH: /usr/local/bin
PATH: /usr/sbin
PATH: /usr/bin
PATH: /sbin
PATH: /bin
PATH: /usr/games


## ----------- ##
## Core tests. ##
## ----------- ##

configure:2743: checking build system type
configure:2757: result: x86_64-unknown-linux-gnu
configure:2777: checking host system type
configure:2790: result: x86_64-unknown-linux-gnu
configure:2810: checking target system type
configure:2823: result: x86_64-unknown-linux-gnu
configure:2866: checking for a BSD-compatible install
configure:2934: result: /usr/bin/install -c
configure:2945: checking whether build environment is sane
configure:2995: result: yes
configure:3136: checking for a thread-safe mkdir -p
configure:3175: result: /bin/mkdir -p
configure:3188: checking for gawk
configure:3218: result: no
configure:3188: checking for mawk
configure:3204: found /usr/bin/mawk
configure:3215: result: mawk
configure:3226: checking whether make sets $(MAKE)
configure:3248: result: yes
configure:3394: checking whether make sets $(MAKE)
configure:3416: result: yes
configure:3714: checking for cc
configure:3730: found /usr/bin/cc
configure:3741: result: cc
configure:3772: checking for C compiler version
configure:3781: cc --version >&5
cc (Ubuntu/Linaro 4.6.3-1ubuntu5) 4.6.3
Copyright (C) 2011 Free Software Foundation, Inc.
This is free software; see the source for copying conditions.  There is NO
warranty; not even for MERCHANTABILITY or FITNESS FOR A PARTICULAR PURPOSE.

configure:3792: $? = 0
configure:3781: cc -v >&5
Using built-in specs.
COLLECT_GCC=cc
COLLECT_LTO_WRAPPER=/usr/lib/gcc/x86_64-linux-gnu/4.6/lto-wrapper
Target: x86_64-linux-gnu
Configured with: ../src/configure -v --with-pkgversion='Ubuntu/Linaro 4.6.3-1ubuntu5' --with-bugurl=file:///usr/share/doc/gcc-4.6/README.Bugs --enable-languages=c,c++,fortran,objc,obj-c++ --prefix=/usr --program-suffix=-4.6 --enable-shared --enable-linker-build-id --with-system-zlib --libexecdir=/usr/lib --without-included-gettext --enable-threads=posix --with-gxx-include-dir=/usr/include/c++/4.6 --libdir=/usr/lib --enable-nls --with-sysroot=/ --enable-clocale=gnu --enable-libstdcxx-debug --enable-libstdcxx-time=yes --enable-gnu-unique-object --enable-plugin --enable-objc-gc --disable-werror --with-arch-32=i686 --with-tune=generic --enable-checking=release --build=x86_64-linux-gnu --host=x86_64-linux-gnu --target=x86_64-linux-gnu
Thread model: posix
gcc version 4.6.3 (Ubuntu/Linaro 4.6.3-1ubuntu5) 
configure:3792: $? = 0
configure:3781: cc -V >&5
cc: error: unrecognized option '-V'
cc: fatal error: no input files
compilation terminated.
configure:3792: $? = 4
configure:3781: cc -qversion >&5
cc: error: unrecognized option '-qversion'
cc: fatal error: no input files
compilation terminated.
configure:3792: $? = 4
configure:3812: checking whether the C compiler works
configure:3834: cc    conftest.c -lm >&5
configure:3838: $? = 0
configure:3887: result: yes
configure:3890: checking for C compiler default output file name
configure:3892: result: a.out
configure:3898: checking for suffix of executables
configure:3905: cc -o conftest    conftest.c -lm >&5
configure:3909: $? = 0
configure:3931: result: 
configure:3953: checking whether we are cross compiling
configure:3961: cc -o conftest    conftest.c -lm >&5
configure:3965: $? = 0
configure:3972: ./conftest
configure:3976: $? = 0
configure:3991: result: no
configure:3996: checking for suffix of object files
configure:4018: cc -c   conftest.c >&5
configure:4022: $? = 0
configure:4043: result: o
configure:4047: checking whether we are using the GNU C compiler
configure:4066: cc -c   conftest.c >&5
configure:4066: $? = 0
configure:4075: result: yes
configure:4084: checking whether cc accepts -g
configure:4104: cc -c -g  conftest.c >&5
configure:4104: $? = 0
configure:4145: result: yes
configure:4162: checking for cc option to accept ISO C89
configure:4226: cc  -c -g -O2  conftest.c >&5
configure:4226: $? = 0
configure:4239: result: none needed
configure:4270: checking for style of include used by make
configure:4298: result: GNU
configure:4323: checking dependency style of cc
configure:4433: result: gcc3
configure:4506: checking for aCC
configure:4536: result: no
configure:4506: checking for cxx
configure:4536: result: no
configure:4506: checking for xlC_r
configure:4536: result: no
configure:4506: checking for xlC
configure:4536: result: no
configure:4506: checking for c++
configure:4522: found /usr/bin/c++
configure:4533: result: c++
configure:4560: checking for C++ compiler version
configure:4569: c++ --version >&5
c++ (Ubuntu/Linaro 4.6.3-1ubuntu5) 4.6.3
Copyright (C) 2011 Free Software Foundation, Inc.
This is free software; see the source for copying conditions.  There is NO
warranty; not even for MERCHANTABILITY or FITNESS FOR A PARTICULAR PURPOSE.

configure:4580: $? = 0
configure:4569: c++ -v >&5
Using built-in specs.
COLLECT_GCC=c++
COLLECT_LTO_WRAPPER=/usr/lib/gcc/x86_64-linux-gnu/4.6/lto-wrapper
Target: x86_64-linux-gnu
Configured with: ../src/configure -v --with-pkgversion='Ubuntu/Linaro 4.6.3-1ubuntu5' --with-bugurl=file:///usr/share/doc/gcc-4.6/README.Bugs --enable-languages=c,c++,fortran,objc,obj-c++ --prefix=/usr --program-suffix=-4.6 --enable-shared --enable-linker-build-id --with-system-zlib --libexecdir=/usr/lib --without-included-gettext --enable-threads=posix --with-gxx-include-dir=/usr/include/c++/4.6 --libdir=/usr/lib --enable-nls --with-sysroot=/ --enable-clocale=gnu --enable-libstdcxx-debug --enable-libstdcxx-time=yes --enable-gnu-unique-object --enable-plugin --enable-objc-gc --disable-werror --with-arch-32=i686 --with-tune=generic --enable-checking=release --build=x86_64-linux-gnu --host=x86_64-linux-gnu --target=x86_64-linux-gnu
Thread model: posix
gcc version 4.6.3 (Ubuntu/Linaro 4.6.3-1ubuntu5) 
configure:4580: $? = 0
configure:4569: c++ -V >&5
c++: error: unrecognized option '-V'
c++: fatal error: no input files
compilation terminated.
configure:4580: $? = 4
configure:4569: c++ -qversion >&5
c++: error: unrecognized option '-qversion'
c++: fatal error: no input files
compilation terminated.
configure:4580: $? = 4
configure:4584: checking whether we are using the GNU C++ compiler
configure:4603: c++ -c -fPIC  conftest.cpp >&5
configure:4603: $? = 0
configure:4612: result: yes
configure:4621: checking whether c++ accepts -g
configure:4641: c++ -c -g  conftest.cpp >&5
configure:4641: $? = 0
configure:4682: result: yes
configure:4707: checking dependency style of c++
configure:4817: result: gcc3
configure:4841: checking for known c++ compilers
configure:5138: result: GNU
configure:5146: checking for known compiler/OS combinations
configure:5225: result: GNU:x86_64
configure:5285: checking if compiler accepts flag: -Wall
configure:5307: c++ -c -fPIC -Wall  conftest.cpp >&5
configure:5307: $? = 0
configure:5321: result: yes
configure:5285: checking if compiler accepts flag: -pipe
configure:5307: c++ -c -fPIC -pipe  conftest.cpp >&5
configure:5307: $? = 0
configure:5321: result: yes
configure:6316: checking for a sed that does not truncate output
configure:6380: result: /bin/sed
configure:6398: checking for grep that handles long lines and -e
configure:6456: result: /bin/grep
configure:6461: checking for egrep
configure:6523: result: /bin/grep -E
configure:6528: checking for fgrep
configure:6590: result: /bin/grep -F
configure:6625: checking for ld used by cc
configure:6692: result: /usr/bin/ld
configure:6699: checking if the linker (/usr/bin/ld) is GNU ld
configure:6714: result: yes
configure:6726: checking for BSD- or MS-compatible name lister (nm)
configure:6775: result: /usr/bin/nm -B
configure:6893: checking the name lister (/usr/bin/nm -B) interface
configure:6900: c++ -c -fPIC  conftest.cpp >&5
configure:6903: /usr/bin/nm -B "conftest.o"
configure:6906: output
0000000000000000 B some_variable
configure:6913: result: BSD nm
configure:6916: checking whether ln -s works
configure:6920: result: yes
configure:6928: checking the maximum length of command line arguments
configure:7048: result: 1572864
configure:7065: checking whether the shell understands some XSI constructs
configure:7075: result: yes
configure:7079: checking whether the shell understands "+="
configure:7085: result: yes
configure:7120: checking for /usr/bin/ld option to reload object files
configure:7127: result: -r
configure:7196: checking for objdump
configure:7223: result: objdump
configure:7252: checking how to recognize dependent libraries
configure:7448: result: pass_all
configure:7508: checking for ar
configure:7524: found /usr/bin/ar
configure:7535: result: ar
configure:7613: checking for strip
configure:7629: found /usr/bin/strip
configure:7640: result: strip
configure:7712: checking for ranlib
configure:7728: found /usr/bin/ranlib
configure:7739: result: ranlib
configure:7829: checking command to parse /usr/bin/nm -B output from cc object
configure:7947: c++ -c -fPIC  conftest.cpp >&5
configure:7950: $? = 0
configure:7954: /usr/bin/nm -B conftest.o \| sed -n -e 's/^.*[	 ]\([ABCDGIRSTW][ABCDGIRSTW]*\)[	 ][	 ]*\([_A-Za-z][_A-Za-z0-9]*\)$/\1 \2 \2/p' \> conftest.nm
configure:7957: $? = 0
configure:8011: c++ -o conftest -fPIC   conftest.cpp conftstm.o >&5
configure:8014: $? = 0
configure:8052: result: ok
configure:8148: c++ -c -fPIC  conftest.cpp >&5
configure:8151: $? = 0
configure:8861: checking how to run the C preprocessor
configure:8892: cc -E  conftest.c
configure:8892: $? = 0
configure:8906: cc -E  conftest.c
conftest.c:18:28: fatal error: ac_nonexistent.h: No such file or directory
compilation terminated.
configure:8906: $? = 1
configure: failed program was:
| /* confdefs.h */
| #define PACKAGE_NAME "Mesquite"
| #define PACKAGE_TARNAME "mesquite"
| #define PACKAGE_VERSION "2.2.0"
| #define PACKAGE_STRING "Mesquite 2.2.0"
| #define PACKAGE_BUGREPORT ""
| #define PACKAGE_URL ""
| #define PACKAGE "mesquite"
| #define VERSION "2.2.0"
| #define MSQ_VERSION "2.2.0"
| #define MSQ_VERSION_MAJOR 2
| #define MSQ_VERSION_MINOR 2
| #define MSQ_VERSION_PATCH 0
| #define MSQ_VERSION_STRING "Mesquite 2.2.0"
| #define MESQUITE_NS Mesquite2
| #define MESQUITE_NS_ALIAS 1
| /* end confdefs.h.  */
| #include <ac_nonexistent.h>
configure:8931: result: cc -E
configure:8951: cc -E  conftest.c
configure:8951: $? = 0
configure:8965: cc -E  conftest.c
conftest.c:18:28: fatal error: ac_nonexistent.h: No such file or directory
compilation terminated.
configure:8965: $? = 1
configure: failed program was:
| /* confdefs.h */
| #define PACKAGE_NAME "Mesquite"
| #define PACKAGE_TARNAME "mesquite"
| #define PACKAGE_VERSION "2.2.0"
| #define PACKAGE_STRING "Mesquite 2.2.0"
| #define PACKAGE_BUGREPORT ""
| #define PACKAGE_URL ""
| #define PACKAGE "mesquite"
| #define VERSION "2.2.0"
| #define MSQ_VERSION "2.2.0"
| #define MSQ_VERSION_MAJOR 2
| #define MSQ_VERSION_MINOR 2
| #define MSQ_VERSION_PATCH 0
| #define MSQ_VERSION_STRING "Mesquite 2.2.0"
| #define MESQUITE_NS Mesquite2
| #define MESQUITE_NS_ALIAS 1
| /* end confdefs.h.  */
| #include <ac_nonexistent.h>
configure:8994: checking for ANSI C header files
configure:9014: cc -c -g -O2  conftest.c >&5
configure:9014: $? = 0
configure:9087: cc -o conftest -g -O2   conftest.c -lm >&5
configure:9087: $? = 0
configure:9087: ./conftest
configure:9087: $? = 0
configure:9098: result: yes
configure:9111: checking for sys/types.h
configure:9111: cc -c -g -O2  conftest.c >&5
configure:9111: $? = 0
configure:9111: result: yes
configure:9111: checking for sys/stat.h
configure:9111: cc -c -g -O2  conftest.c >&5
configure:9111: $? = 0
configure:9111: result: yes
configure:9111: checking for stdlib.h
configure:9111: cc -c -g -O2  conftest.c >&5
configure:9111: $? = 0
configure:9111: result: yes
configure:9111: checking for string.h
configure:9111: cc -c -g -O2  conftest.c >&5
configure:9111: $? = 0
configure:9111: result: yes
configure:9111: checking for memory.h
configure:9111: cc -c -g -O2  conftest.c >&5
configure:9111: $? = 0
configure:9111: result: yes
configure:9111: checking for strings.h
configure:9111: cc -c -g -O2  conftest.c >&5
configure:9111: $? = 0
configure:9111: result: yes
configure:9111: checking for inttypes.h
configure:9111: cc -c -g -O2  conftest.c >&5
configure:9111: $? = 0
configure:9111: result: yes
configure:9111: checking for stdint.h
configure:9111: cc -c -g -O2  conftest.c >&5
configure:9111: $? = 0
configure:9111: result: yes
configure:9111: checking for unistd.h
configure:9111: cc -c -g -O2  conftest.c >&5
configure:9111: $? = 0
configure:9111: result: yes
configure:9126: checking for dlfcn.h
configure:9126: cc -c -g -O2  conftest.c >&5
configure:9126: $? = 0
configure:9126: result: yes
configure:9148: checking how to run the C++ preprocessor
configure:9175: c++ -E  conftest.cpp
configure:9175: $? = 0
configure:9189: c++ -E  conftest.cpp
conftest.cpp:29:28: fatal error: ac_nonexistent.h: No such file or directory
compilation terminated.
configure:9189: $? = 1
configure: failed program was:
| /* confdefs.h */
| #define PACKAGE_NAME "Mesquite"
| #define PACKAGE_TARNAME "mesquite"
| #define PACKAGE_VERSION "2.2.0"
| #define PACKAGE_STRING "Mesquite 2.2.0"
| #define PACKAGE_BUGREPORT ""
| #define PACKAGE_URL ""
| #define PACKAGE "mesquite"
| #define VERSION "2.2.0"
| #define MSQ_VERSION "2.2.0"
| #define MSQ_VERSION_MAJOR 2
| #define MSQ_VERSION_MINOR 2
| #define MSQ_VERSION_PATCH 0
| #define MSQ_VERSION_STRING "Mesquite 2.2.0"
| #define MESQUITE_NS Mesquite2
| #define MESQUITE_NS_ALIAS 1
| #define STDC_HEADERS 1
| #define HAVE_SYS_TYPES_H 1
| #define HAVE_SYS_STAT_H 1
| #define HAVE_STDLIB_H 1
| #define HAVE_STRING_H 1
| #define HAVE_MEMORY_H 1
| #define HAVE_STRINGS_H 1
| #define HAVE_INTTYPES_H 1
| #define HAVE_STDINT_H 1
| #define HAVE_UNISTD_H 1
| #define HAVE_DLFCN_H 1
| /* end confdefs.h.  */
| #include <ac_nonexistent.h>
configure:9214: result: c++ -E
configure:9234: c++ -E  conftest.cpp
configure:9234: $? = 0
configure:9248: c++ -E  conftest.cpp
conftest.cpp:29:28: fatal error: ac_nonexistent.h: No such file or directory
compilation terminated.
configure:9248: $? = 1
configure: failed program was:
| /* confdefs.h */
| #define PACKAGE_NAME "Mesquite"
| #define PACKAGE_TARNAME "mesquite"
| #define PACKAGE_VERSION "2.2.0"
| #define PACKAGE_STRING "Mesquite 2.2.0"
| #define PACKAGE_BUGREPORT ""
| #define PACKAGE_URL ""
| #define PACKAGE "mesquite"
| #define VERSION "2.2.0"
| #define MSQ_VERSION "2.2.0"
| #define MSQ_VERSION_MAJOR 2
| #define MSQ_VERSION_MINOR 2
| #define MSQ_VERSION_PATCH 0
| #define MSQ_VERSION_STRING "Mesquite 2.2.0"
| #define MESQUITE_NS Mesquite2
| #define MESQUITE_NS_ALIAS 1
| #define STDC_HEADERS 1
| #define HAVE_SYS_TYPES_H 1
| #define HAVE_SYS_STAT_H 1
| #define HAVE_STDLIB_H 1
| #define HAVE_STRING_H 1
| #define HAVE_MEMORY_H 1
| #define HAVE_STRINGS_H 1
| #define HAVE_INTTYPES_H 1
| #define HAVE_STDINT_H 1
| #define HAVE_UNISTD_H 1
| #define HAVE_DLFCN_H 1
| /* end confdefs.h.  */
| #include <ac_nonexistent.h>
configure:9421: checking for objdir
configure:9436: result: .libs
configure:9732: checking if cc supports -fno-rtti -fno-exceptions
configure:9750: cc -c -g -O2  -fno-rtti -fno-exceptions conftest.c >&5
cc1: warning: command line option '-fno-rtti' is valid for C++/ObjC++ but not for C [enabled by default]
configure:9754: $? = 0
configure:9767: result: no
configure:9787: checking for cc option to produce PIC
configure:10059: result: -fPIC -DPIC
configure:10071: checking if cc PIC flag -fPIC -DPIC works
configure:10089: cc -c -g -O2  -fPIC -DPIC -DPIC conftest.c >&5
configure:10093: $? = 0
configure:10106: result: yes
configure:10130: checking if cc static flag -static works
configure:10158: result: yes
configure:10173: checking if cc supports -c -o file.o
configure:10194: cc -c -g -O2  -o out/conftest2.o conftest.c >&5
configure:10198: $? = 0
configure:10220: result: yes
configure:10228: checking if cc supports -c -o file.o
configure:10275: result: yes
configure:10308: checking whether the cc linker (/usr/bin/ld -m elf_x86_64) supports shared libraries
configure:11294: result: yes
configure:11533: checking dynamic linker characteristics
configure:11966: cc -o conftest -g -O2   -Wl,-rpath -Wl,/foo conftest.c -lm >&5
configure:11966: $? = 0
configure:12184: result: GNU/Linux ld.so
configure:12286: checking how to hardcode library paths into programs
configure:12311: result: immediate
configure:12831: checking whether stripping libraries is possible
configure:12836: result: yes
configure:12871: checking if libtool supports shared libraries
configure:12873: result: yes
configure:12876: checking whether to build shared libraries
configure:12897: result: no
configure:12900: checking whether to build static libraries
configure:12904: result: yes
configure:13054: checking for ld used by c++
configure:13121: result: /usr/bin/ld -m elf_x86_64
configure:13128: checking if the linker (/usr/bin/ld -m elf_x86_64) is GNU ld
configure:13143: result: yes
configure:13198: checking whether the c++ linker (/usr/bin/ld -m elf_x86_64) supports shared libraries
configure:14111: result: yes
configure:14139: c++ -c -fPIC  conftest.cpp >&5
configure:14142: $? = 0
configure:14324: checking for c++ option to produce PIC
configure:14641: result: -fPIC -DPIC
configure:14650: checking if c++ PIC flag -fPIC -DPIC works
configure:14668: c++ -c -fPIC  -fPIC -DPIC -DPIC conftest.cpp >&5
configure:14672: $? = 0
configure:14685: result: yes
configure:14706: checking if c++ static flag -static works
configure:14734: result: yes
configure:14746: checking if c++ supports -c -o file.o
configure:14767: c++ -c -fPIC  -o out/conftest2.o conftest.cpp >&5
configure:14771: $? = 0
configure:14793: result: yes
configure:14798: checking if c++ supports -c -o file.o
configure:14845: result: yes
configure:14875: checking whether the c++ linker (/usr/bin/ld -m elf_x86_64) supports shared libraries
configure:14901: result: yes
configure:15038: checking dynamic linker characteristics
configure:15419: c++ -o conftest -fPIC   -Wl,-rpath -Wl,/foo conftest.cpp -lm >&5
configure:15419: $? = 0
configure:15637: result: GNU/Linux ld.so
configure:15688: checking how to hardcode library paths into programs
configure:15713: result: immediate
configure:15865: checking for doxygen
configure:15896: result: no
configure:15909: checking for latex
configure:15940: result: no
configure:15953: checking for bibtex
configure:15984: result: no
configure:15997: checking for ps2pdf
configure:16015: found /usr/bin/ps2pdf
configure:16028: result: /usr/bin/ps2pdf
configure:16041: checking for dvips
configure:16072: result: no
configure:16085: checking for dot
configure:16116: result: no
configure:16333: checking for ANSI C header files
configure:16437: result: yes
configure:16448: checking fcntl.h usability
configure:16448: c++ -c -fPIC  conftest.cpp >&5
configure:16448: $? = 0
configure:16448: result: yes
configure:16448: checking fcntl.h presence
configure:16448: c++ -E  conftest.cpp
configure:16448: $? = 0
configure:16448: result: yes
configure:16448: checking for fcntl.h
configure:16448: result: yes
configure:16448: checking for strings.h
configure:16448: result: yes
configure:16448: checking sys/file.h usability
configure:16448: c++ -c -fPIC  conftest.cpp >&5
configure:16448: $? = 0
configure:16448: result: yes
configure:16448: checking sys/file.h presence
configure:16448: c++ -E  conftest.cpp
configure:16448: $? = 0
configure:16448: result: yes
configure:16448: checking for sys/file.h
configure:16448: result: yes
configure:16448: checking sys/time.h usability
configure:16448: c++ -c -fPIC  conftest.cpp >&5
configure:16448: $? = 0
configure:16448: result: yes
configure:16448: checking sys/time.h presence
configure:16448: c++ -E  conftest.cpp
configure:16448: $? = 0
configure:16448: result: yes
configure:16448: checking for sys/time.h
configure:16448: result: yes
configure:16448: checking for unistd.h
configure:16448: result: yes
configure:16459: checking ieeefp.h usability
configure:16459: c++ -c -fPIC  conftest.cpp >&5
conftest.cpp:69:20: fatal error: ieeefp.h: No such file or directory
compilation terminated.
configure:16459: $? = 1
configure: failed program was:
| /* confdefs.h */
| #define PACKAGE_NAME "Mesquite"
| #define PACKAGE_TARNAME "mesquite"
| #define PACKAGE_VERSION "2.2.0"
| #define PACKAGE_STRING "Mesquite 2.2.0"
| #define PACKAGE_BUGREPORT ""
| #define PACKAGE_URL ""
| #define PACKAGE "mesquite"
| #define VERSION "2.2.0"
| #define MSQ_VERSION "2.2.0"
| #define MSQ_VERSION_MAJOR 2
| #define MSQ_VERSION_MINOR 2
| #define MSQ_VERSION_PATCH 0
| #define MSQ_VERSION_STRING "Mesquite 2.2.0"
| #define MESQUITE_NS Mesquite2
| #define MESQUITE_NS_ALIAS 1
| #define STDC_HEADERS 1
| #define HAVE_SYS_TYPES_H 1
| #define HAVE_SYS_STAT_H 1
| #define HAVE_STDLIB_H 1
| #define HAVE_STRING_H 1
| #define HAVE_MEMORY_H 1
| #define HAVE_STRINGS_H 1
| #define HAVE_INTTYPES_H 1
| #define HAVE_STDINT_H 1
| #define HAVE_UNISTD_H 1
| #define HAVE_DLFCN_H 1
| #define LT_OBJDIR ".libs/"
| #define STDC_HEADERS 1
| #define HAVE_FCNTL_H 1
| #define HAVE_STRINGS_H 1
| #define HAVE_SYS_FILE_H 1
| #define HAVE_SYS_TIME_H 1
| #define HAVE_UNISTD_H 1
| /* end confdefs.h.  */
| #include <stdio.h>
| #ifdef HAVE_SYS_TYPES_H
| # include <sys/types.h>
| #endif
| #ifdef HAVE_SYS_STAT_H
| # include <sys/stat.h>
| #endif
| #ifdef STDC_HEADERS
| # include <stdlib.h>
| # include <stddef.h>
| #else
| # ifdef HAVE_STDLIB_H
| #  include <stdlib.h>
| # endif
| #endif
| #ifdef HAVE_STRING_H
| # if !defined STDC_HEADERS && defined HAVE_MEMORY_H
| #  include <memory.h>
| # endif
| # include <string.h>
| #endif
| #ifdef HAVE_STRINGS_H
| # include <strings.h>
| #endif
| #ifdef HAVE_INTTYPES_H
| # include <inttypes.h>
| #endif
| #ifdef HAVE_STDINT_H
| # include <stdint.h>
| #endif
| #ifdef HAVE_UNISTD_H
| # include <unistd.h>
| #endif
| #include <ieeefp.h>
configure:16459: result: no
configure:16459: checking ieeefp.h presence
configure:16459: c++ -E  conftest.cpp
conftest.cpp:36:20: fatal error: ieeefp.h: No such file or directory
compilation terminated.
configure:16459: $? = 1
configure: failed program was:
| /* confdefs.h */
| #define PACKAGE_NAME "Mesquite"
| #define PACKAGE_TARNAME "mesquite"
| #define PACKAGE_VERSION "2.2.0"
| #define PACKAGE_STRING "Mesquite 2.2.0"
| #define PACKAGE_BUGREPORT ""
| #define PACKAGE_URL ""
| #define PACKAGE "mesquite"
| #define VERSION "2.2.0"
| #define MSQ_VERSION "2.2.0"
| #define MSQ_VERSION_MAJOR 2
| #define MSQ_VERSION_MINOR 2
| #define MSQ_VERSION_PATCH 0
| #define MSQ_VERSION_STRING "Mesquite 2.2.0"
| #define MESQUITE_NS Mesquite2
| #define MESQUITE_NS_ALIAS 1
| #define STDC_HEADERS 1
| #define HAVE_SYS_TYPES_H 1
| #define HAVE_SYS_STAT_H 1
| #define HAVE_STDLIB_H 1
| #define HAVE_STRING_H 1
| #define HAVE_MEMORY_H 1
| #define HAVE_STRINGS_H 1
| #define HAVE_INTTYPES_H 1
| #define HAVE_STDINT_H 1
| #define HAVE_UNISTD_H 1
| #define HAVE_DLFCN_H 1
| #define LT_OBJDIR ".libs/"
| #define STDC_HEADERS 1
| #define HAVE_FCNTL_H 1
| #define HAVE_STRINGS_H 1
| #define HAVE_SYS_FILE_H 1
| #define HAVE_SYS_TIME_H 1
| #define HAVE_UNISTD_H 1
| /* end confdefs.h.  */
| #include <ieeefp.h>
configure:16459: result: no
configure:16459: checking for ieeefp.h
configure:16459: result: no
configure:16467: checking for stdint.h
configure:16467: result: yes
configure:16475: checking for inttypes.h
configure:16475: result: yes
configure:16483: checking termios.h usability
configure:16483: c++ -c -fPIC  conftest.cpp >&5
configure:16483: $? = 0
configure:16483: result: yes
configure:16483: checking termios.h presence
configure:16483: c++ -E  conftest.cpp
configure:16483: $? = 0
configure:16483: result: yes
configure:16483: checking for termios.h
configure:16483: result: yes
configure:16489: checking sys/ioctl.h usability
configure:16489: c++ -c -fPIC  conftest.cpp >&5
configure:16489: $? = 0
configure:16489: result: yes
configure:16489: checking sys/ioctl.h presence
configure:16489: c++ -E  conftest.cpp
configure:16489: $? = 0
configure:16489: result: yes
configure:16489: checking for sys/ioctl.h
configure:16489: result: yes
configure:16501: checking for vsnprintf
configure:16501: c++ -o conftest -fPIC   conftest.cpp -lm >&5
configure:16501: $? = 0
configure:16501: result: yes
configure:16512: checking for vsprintf
configure:16512: c++ -o conftest -fPIC   conftest.cpp -lm >&5
configure:16512: $? = 0
configure:16512: result: yes
configure:16523: checking for clock
configure:16523: c++ -o conftest -fPIC   conftest.cpp -lm >&5
configure:16523: $? = 0
configure:16523: result: yes
configure:16534: checking for times
configure:16534: c++ -o conftest -fPIC   conftest.cpp -lm >&5
configure:16534: $? = 0
configure:16534: result: yes
configure:16545: checking for cbrt
configure:16545: c++ -o conftest -fPIC   conftest.cpp -lm >&5
configure:16545: $? = 0
configure:16545: result: yes
configure:16565: checking for fpsetmask 
configure:16578: c++ -c -fPIC  conftest.cpp >&5
conftest.cpp:43:20: fatal error: ieeefp.h: No such file or directory
compilation terminated.
configure:16578: $? = 1
configure: failed program was:
| /* confdefs.h */
| #define PACKAGE_NAME "Mesquite"
| #define PACKAGE_TARNAME "mesquite"
| #define PACKAGE_VERSION "2.2.0"
| #define PACKAGE_STRING "Mesquite 2.2.0"
| #define PACKAGE_BUGREPORT ""
| #define PACKAGE_URL ""
| #define PACKAGE "mesquite"
| #define VERSION "2.2.0"
| #define MSQ_VERSION "2.2.0"
| #define MSQ_VERSION_MAJOR 2
| #define MSQ_VERSION_MINOR 2
| #define MSQ_VERSION_PATCH 0
| #define MSQ_VERSION_STRING "Mesquite 2.2.0"
| #define MESQUITE_NS Mesquite2
| #define MESQUITE_NS_ALIAS 1
| #define STDC_HEADERS 1
| #define HAVE_SYS_TYPES_H 1
| #define HAVE_SYS_STAT_H 1
| #define HAVE_STDLIB_H 1
| #define HAVE_STRING_H 1
| #define HAVE_MEMORY_H 1
| #define HAVE_STRINGS_H 1
| #define HAVE_INTTYPES_H 1
| #define HAVE_STDINT_H 1
| #define HAVE_UNISTD_H 1
| #define HAVE_DLFCN_H 1
| #define LT_OBJDIR ".libs/"
| #define STDC_HEADERS 1
| #define HAVE_FCNTL_H 1
| #define HAVE_STRINGS_H 1
| #define HAVE_SYS_FILE_H 1
| #define HAVE_SYS_TIME_H 1
| #define HAVE_UNISTD_H 1
| #define MSQ_HAVE_STDINT_H 1
| #define MSQ_HAVE_INTTYPES_H 1
| #define HAVE_VSNPRINTF 1
| #define HAVE_VSPRINTF 1
| #define HAVE_CLOCK 1
| #define HAVE_TIMES 1
| #define HAVE_CBRT 1
| /* end confdefs.h.  */
| #include <ieeefp.h>
| int
| main ()
| {
| fpsetmask(FP_X_INV|FP_X_OFL|FP_X_DZ);
|   ;
|   return 0;
| }
configure:16583: result: no
configure:16587: checking for feenableexcept 
configure:16601: c++ -c -fPIC  conftest.cpp >&5
conftest.cpp:43:0: warning: "_GNU_SOURCE" redefined [enabled by default]
<command-line>:0:0: note: this is the location of the previous definition
configure:16601: $? = 0
configure:16603: result: yes
configure:16621: checking for function-name preprocessor macro
configure:16645: c++ -c -fPIC  conftest.cpp >&5
configure:16645: $? = 0
configure:16663: result: __PRETTY_FUNCTION__
configure:16683: checking for fd() in std::basic_file 
configure:16696: c++ -c -fPIC  conftest.cpp >&5
conftest.cpp: In function 'int main()':
conftest.cpp:48:54: error: 'std::basic_ofstream<char>::__filebuf_type' has no member named 'fd'
configure:16696: $? = 1
configure: failed program was:
| /* confdefs.h */
| #define PACKAGE_NAME "Mesquite"
| #define PACKAGE_TARNAME "mesquite"
| #define PACKAGE_VERSION "2.2.0"
| #define PACKAGE_STRING "Mesquite 2.2.0"
| #define PACKAGE_BUGREPORT ""
| #define PACKAGE_URL ""
| #define PACKAGE "mesquite"
| #define VERSION "2.2.0"
| #define MSQ_VERSION "2.2.0"
| #define MSQ_VERSION_MAJOR 2
| #define MSQ_VERSION_MINOR 2
| #define MSQ_VERSION_PATCH 0
| #define MSQ_VERSION_STRING "Mesquite 2.2.0"
| #define MESQUITE_NS Mesquite2
| #define MESQUITE_NS_ALIAS 1
| #define STDC_HEADERS 1
| #define HAVE_SYS_TYPES_H 1
| #define HAVE_SYS_STAT_H 1
| #define HAVE_STDLIB_H 1
| #define HAVE_STRING_H 1
| #define HAVE_MEMORY_H 1
| #define HAVE_STRINGS_H 1
| #define HAVE_INTTYPES_H 1
| #define HAVE_STDINT_H 1
| #define HAVE_UNISTD_H 1
| #define HAVE_DLFCN_H 1
| #define LT_OBJDIR ".libs/"
| #define STDC_HEADERS 1
| #define HAVE_FCNTL_H 1
| #define HAVE_STRINGS_H 1
| #define HAVE_SYS_FILE_H 1
| #define HAVE_SYS_TIME_H 1
| #define HAVE_UNISTD_H 1
| #define MSQ_HAVE_STDINT_H 1
| #define MSQ_HAVE_INTTYPES_H 1
| #define HAVE_VSNPRINTF 1
| #define HAVE_VSPRINTF 1
| #define HAVE_CLOCK 1
| #define HAVE_TIMES 1
| #define HAVE_CBRT 1
| #define MSQ_FUNCTION __PRETTY_FUNCTION__
| /* end confdefs.h.  */
| #include <fstream>
| int
| main ()
| {
| using namespace std; ofstream f; int fd = f.rdbuf()->fd();
|   ;
|   return 0;
| }
configure:16700: result: no
configure:16917: checking for dlopen in -ldl
configure:16942: c++ -o conftest -fPIC   conftest.cpp -ldl  -lm >&5
configure:16942: $? = 0
configure:16951: result: yes
configure:16963: checking cppunit/Test.h usability
configure:16963: c++ -c -fPIC  conftest.cpp >&5
conftest.cpp:77:26: fatal error: cppunit/Test.h: No such file or directory
compilation terminated.
configure:16963: $? = 1
configure: failed program was:
| /* confdefs.h */
| #define PACKAGE_NAME "Mesquite"
| #define PACKAGE_TARNAME "mesquite"
| #define PACKAGE_VERSION "2.2.0"
| #define PACKAGE_STRING "Mesquite 2.2.0"
| #define PACKAGE_BUGREPORT ""
| #define PACKAGE_URL ""
| #define PACKAGE "mesquite"
| #define VERSION "2.2.0"
| #define MSQ_VERSION "2.2.0"
| #define MSQ_VERSION_MAJOR 2
| #define MSQ_VERSION_MINOR 2
| #define MSQ_VERSION_PATCH 0
| #define MSQ_VERSION_STRING "Mesquite 2.2.0"
| #define MESQUITE_NS Mesquite2
| #define MESQUITE_NS_ALIAS 1
| #define STDC_HEADERS 1
| #define HAVE_SYS_TYPES_H 1
| #define HAVE_SYS_STAT_H 1
| #define HAVE_STDLIB_H 1
| #define HAVE_STRING_H 1
| #define HAVE_MEMORY_H 1
| #define HAVE_STRINGS_H 1
| #define HAVE_INTTYPES_H 1
| #define HAVE_STDINT_H 1
| #define HAVE_UNISTD_H 1
| #define HAVE_DLFCN_H 1
| #define LT_OBJDIR ".libs/"
| #define STDC_HEADERS 1
| #define HAVE_FCNTL_H 1
| #define HAVE_STRINGS_H 1
| #define HAVE_SYS_FILE_H 1
| #define HAVE_SYS_TIME_H 1
| #define HAVE_UNISTD_H 1
| #define MSQ_HAVE_STDINT_H 1
| #define MSQ_HAVE_INTTYPES_H 1
| #define HAVE_VSNPRINTF 1
| #define HAVE_VSPRINTF 1
| #define HAVE_CLOCK 1
| #define HAVE_TIMES 1
| #define HAVE_CBRT 1
| #define MSQ_FUNCTION __PRETTY_FUNCTION__
| /* end confdefs.h.  */
| #include <stdio.h>
| #ifdef HAVE_SYS_TYPES_H
| # include <sys/types.h>
| #endif
| #ifdef HAVE_SYS_STAT_H
| # include <sys/stat.h>
| #endif
| #ifdef STDC_HEADERS
| # include <stdlib.h>
| # include <stddef.h>
| #else
| # ifdef HAVE_STDLIB_H
| #  include <stdlib.h>
| # endif
| #endif
| #ifdef HAVE_STRING_H
| # if !defined STDC_HEADERS && defined HAVE_MEMORY_H
| #  include <memory.h>
| # endif
| # include <string.h>
| #endif
| #ifdef HAVE_STRINGS_H
| # include <strings.h>
| #endif
| #ifdef HAVE_INTTYPES_H
| # include <inttypes.h>
| #endif
| #ifdef HAVE_STDINT_H
| # include <stdint.h>
| #endif
| #ifdef HAVE_UNISTD_H
| # include <unistd.h>
| #endif
| #include <cppunit/Test.h>
configure:16963: result: no
configure:16963: checking cppunit/Test.h presence
configure:16963: c++ -E  conftest.cpp
conftest.cpp:44:26: fatal error: cppunit/Test.h: No such file or directory
compilation terminated.
configure:16963: $? = 1
configure: failed program was:
| /* confdefs.h */
| #define PACKAGE_NAME "Mesquite"
| #define PACKAGE_TARNAME "mesquite"
| #define PACKAGE_VERSION "2.2.0"
| #define PACKAGE_STRING "Mesquite 2.2.0"
| #define PACKAGE_BUGREPORT ""
| #define PACKAGE_URL ""
| #define PACKAGE "mesquite"
| #define VERSION "2.2.0"
| #define MSQ_VERSION "2.2.0"
| #define MSQ_VERSION_MAJOR 2
| #define MSQ_VERSION_MINOR 2
| #define MSQ_VERSION_PATCH 0
| #define MSQ_VERSION_STRING "Mesquite 2.2.0"
| #define MESQUITE_NS Mesquite2
| #define MESQUITE_NS_ALIAS 1
| #define STDC_HEADERS 1
| #define HAVE_SYS_TYPES_H 1
| #define HAVE_SYS_STAT_H 1
| #define HAVE_STDLIB_H 1
| #define HAVE_STRING_H 1
| #define HAVE_MEMORY_H 1
| #define HAVE_STRINGS_H 1
| #define HAVE_INTTYPES_H 1
| #define HAVE_STDINT_H 1
| #define HAVE_UNISTD_H 1
| #define HAVE_DLFCN_H 1
| #define LT_OBJDIR ".libs/"
| #define STDC_HEADERS 1
| #define HAVE_FCNTL_H 1
| #define HAVE_STRINGS_H 1
| #define HAVE_SYS_FILE_H 1
| #define HAVE_SYS_TIME_H 1
| #define HAVE_UNISTD_H 1
| #define MSQ_HAVE_STDINT_H 1
| #define MSQ_HAVE_INTTYPES_H 1
| #define HAVE_VSNPRINTF 1
| #define HAVE_VSPRINTF 1
| #define HAVE_CLOCK 1
| #define HAVE_TIMES 1
| #define HAVE_CBRT 1
| #define MSQ_FUNCTION __PRETTY_FUNCTION__
| /* end confdefs.h.  */
| #include <cppunit/Test.h>
configure:16963: result: no
configure:16963: checking for cppunit/Test.h
configure:16963: result: no
configure:16971: checking for main in -lcppunit
configure:16990: c++ -o conftest -fPIC   -ldl conftest.cpp -lcppunit  -lm >&5
/usr/bin/ld: cannot find -lcppunit
collect2: ld returned 1 exit status
configure:16990: $? = 1
configure: failed program was:
| /* confdefs.h */
| #define PACKAGE_NAME "Mesquite"
| #define PACKAGE_TARNAME "mesquite"
| #define PACKAGE_VERSION "2.2.0"
| #define PACKAGE_STRING "Mesquite 2.2.0"
| #define PACKAGE_BUGREPORT ""
| #define PACKAGE_URL ""
| #define PACKAGE "mesquite"
| #define VERSION "2.2.0"
| #define MSQ_VERSION "2.2.0"
| #define MSQ_VERSION_MAJOR 2
| #define MSQ_VERSION_MINOR 2
| #define MSQ_VERSION_PATCH 0
| #define MSQ_VERSION_STRING "Mesquite 2.2.0"
| #define MESQUITE_NS Mesquite2
| #define MESQUITE_NS_ALIAS 1
| #define STDC_HEADERS 1
| #define HAVE_SYS_TYPES_H 1
| #define HAVE_SYS_STAT_H 1
| #define HAVE_STDLIB_H 1
| #define HAVE_STRING_H 1
| #define HAVE_MEMORY_H 1
| #define HAVE_STRINGS_H 1
| #define HAVE_INTTYPES_H 1
| #define HAVE_STDINT_H 1
| #define HAVE_UNISTD_H 1
| #define HAVE_DLFCN_H 1
| #define LT_OBJDIR ".libs/"
| #define STDC_HEADERS 1
| #define HAVE_FCNTL_H 1
| #define HAVE_STRINGS_H 1
| #define HAVE_SYS_FILE_H 1
| #define HAVE_SYS_TIME_H 1
| #define HAVE_UNISTD_H 1
| #define MSQ_HAVE_STDINT_H 1
| #define MSQ_HAVE_INTTYPES_H 1
| #define HAVE_VSNPRINTF 1
| #define HAVE_VSPRINTF 1
| #define HAVE_CLOCK 1
| #define HAVE_TIMES 1
| #define HAVE_CBRT 1
| #define MSQ_FUNCTION __PRETTY_FUNCTION__
| /* end confdefs.h.  */
| 
| 
| int
| main ()
| {
| return main ();
|   ;
|   return 0;
| }
configure:16999: result: no
configure:18369: creating ./config.status

## ---------------------- ##
## Running config.status. ##
## ---------------------- ##

This file was extended by Mesquite config.status 2.2.0, which was
generated by GNU Autoconf 2.65.  Invocation command line was

  CONFIG_FILES    = 
  CONFIG_HEADERS  = 
  CONFIG_LINKS    = 
  CONFIG_COMMANDS = 
  $ ./config.status 

on ubuntu

config.status:1274: creating Makefile
config.status:1274: creating src/Makefile
config.status:1274: creating itaps/Makefile
config.status:1274: creating meshFiles/Makefile
config.status:1274: creating testSuite/Makefile
config.status:1274: creating testSuite/meshfiles.h
config.status:1274: creating testSuite/ActiveSetTest/Makefile
config.status:1274: creating testSuite/algorithm_test/Makefile
config.status:1274: creating testSuite/analytical_grad_3D/Makefile
config.status:1274: creating testSuite/convert/Makefile
config.status:1274: creating testSuite/headers/Makefile
config.status:1274: creating testSuite/idft_time/Makefile
config.status:1274: creating testSuite/igeom/Makefile
config.status:1274: creating testSuite/imesh/Makefile
config.status:1274: creating testSuite/jacobi/Makefile
config.status:1274: creating testSuite/laplacian_test/Makefile
config.status:1274: creating testSuite/pyramid/Makefile
config.status:1274: creating testSuite/simple_hybrid_test/Makefile
config.status:1274: creating testSuite/test_1/Makefile
config.status:1274: creating testSuite/transform/Makefile
config.status:1274: creating testSuite/tutorial/Makefile
config.status:1274: creating testSuite/tutorial/tutorial.make
config.status:1274: creating testSuite/unit/Makefile
config.status:1274: creating testSuite/untangle_test/Makefile
config.status:1274: creating testSuite/parallel_untangle_shape/Makefile
config.status:1274: creating testSuite/parallel_smooth_laplace/Makefile
config.status:1274: creating testSuite/wedge/Makefile
config.status:1274: creating testSuite/wrapper_tests/Makefile
config.status:1274: creating testSuite/2d_target/Makefile
config.status:1274: creating testSuite/2d_metrics/Makefile
config.status:1274: creating testSuite/2d_formulation/Makefile
config.status:1274: creating testSuite/synchronous/Makefile
config.status:1274: creating testSuite/high_aspect_ratio/Makefile
config.status:1274: creating testSuite/higher_order/Makefile
config.status:1274: creating testSuite/slaved/Makefile
config.status:1274: creating utils/Makefile
config.status:1274: creating doc/Makefile
config.status:1274: creating doc/user/Makefile
config.status:1274: creating doc/user/config.tex
config.status:1274: creating doc/user/doxygen/Makefile
config.status:1274: creating doc/user/doxygen/Mesquite-user.dox
config.status:1274: creating src/include/junk_config.h
config.status:1274: creating src/include/mesquite_config.h
config.status:1446: src/include/mesquite_config.h is unchanged
config.status:1274: creating src/include/mesquite_version.h
config.status:1446: src/include/mesquite_version.h is unchanged
config.status:1494: executing depfiles commands
config.status:1494: executing libtool commands
config.status:1494: executing junk_config.h commands

## ---------------- ##
## Cache variables. ##
## ---------------- ##

ac_cv_build=x86_64-unknown-linux-gnu
ac_cv_c_compiler_gnu=yes
ac_cv_cxx_compiler_gnu=yes
ac_cv_env_BIBTEX_set=
ac_cv_env_BIBTEX_value=
ac_cv_env_CCC_set=
ac_cv_env_CCC_value=
ac_cv_env_CC_set=
ac_cv_env_CC_value=
ac_cv_env_CFLAGS_set=
ac_cv_env_CFLAGS_value=
ac_cv_env_CPPFLAGS_set=
ac_cv_env_CPPFLAGS_value=
ac_cv_env_CPP_set=
ac_cv_env_CPP_value=
ac_cv_env_CXXCPP_set=
ac_cv_env_CXXCPP_value=
ac_cv_env_CXXFLAGS_set=set
ac_cv_env_CXXFLAGS_value=-fPIC
ac_cv_env_CXX_set=
ac_cv_env_CXX_value=
ac_cv_env_DOT_set=
ac_cv_env_DOT_value=
ac_cv_env_DOXYGEN_set=
ac_cv_env_DOXYGEN_value=
ac_cv_env_DVIPS_set=
ac_cv_env_DVIPS_value=
ac_cv_env_IGEOM_DEFS_set=
ac_cv_env_IGEOM_DEFS_value=
ac_cv_env_IMESHP_DEFS_set=
ac_cv_env_IMESHP_DEFS_value=
ac_cv_env_IMESH_DEFS_set=
ac_cv_env_IMESH_DEFS_value=
ac_cv_env_IREL_DEFS_set=
ac_cv_env_IREL_DEFS_value=
ac_cv_env_LATEX_set=
ac_cv_env_LATEX_value=
ac_cv_env_LDFLAGS_set=
ac_cv_env_LDFLAGS_value=
ac_cv_env_LIBS_set=
ac_cv_env_LIBS_value=
ac_cv_env_PS2PDF_set=
ac_cv_env_PS2PDF_value=
ac_cv_env_build_alias_set=
ac_cv_env_build_alias_value=
ac_cv_env_host_alias_set=
ac_cv_env_host_alias_value=
ac_cv_env_target_alias_set=
ac_cv_env_target_alias_value=
ac_cv_func_cbrt=yes
ac_cv_func_clock=yes
ac_cv_func_times=yes
ac_cv_func_vsnprintf=yes
ac_cv_func_vsprintf=yes
ac_cv_header_cppunit_Test_h=no
ac_cv_header_dlfcn_h=yes
ac_cv_header_fcntl_h=yes
ac_cv_header_ieeefp_h=no
ac_cv_header_inttypes_h=yes
ac_cv_header_memory_h=yes
ac_cv_header_stdc=yes
ac_cv_header_stdint_h=yes
ac_cv_header_stdlib_h=yes
ac_cv_header_string_h=yes
ac_cv_header_strings_h=yes
ac_cv_header_sys_file_h=yes
ac_cv_header_sys_ioctl_h=yes
ac_cv_header_sys_stat_h=yes
ac_cv_header_sys_time_h=yes
ac_cv_header_sys_types_h=yes
ac_cv_header_termios_h=yes
ac_cv_header_unistd_h=yes
ac_cv_host=x86_64-unknown-linux-gnu
ac_cv_lib_cppunit_main=no
ac_cv_lib_dl_dlopen=yes
ac_cv_objext=o
ac_cv_path_BIBTEX=no
ac_cv_path_DOT=no
ac_cv_path_DOXYGEN=no
ac_cv_path_DVIPS=no
ac_cv_path_EGREP='/bin/grep -E'
ac_cv_path_FGREP='/bin/grep -F'
ac_cv_path_GREP=/bin/grep
ac_cv_path_LATEX=no
ac_cv_path_PS2PDF=/usr/bin/ps2pdf
ac_cv_path_SED=/bin/sed
ac_cv_path_install='/usr/bin/install -c'
ac_cv_path_mkdir=/bin/mkdir
ac_cv_prog_AWK=mawk
ac_cv_prog_CPP='cc -E'
ac_cv_prog_CXXCPP='c++ -E'
ac_cv_prog_ac_ct_AR=ar
ac_cv_prog_ac_ct_CC=cc
ac_cv_prog_ac_ct_CXX=c++
ac_cv_prog_ac_ct_OBJDUMP=objdump
ac_cv_prog_ac_ct_RANLIB=ranlib
ac_cv_prog_ac_ct_STRIP=strip
ac_cv_prog_cc_c89=
ac_cv_prog_cc_g=yes
ac_cv_prog_cxx_g=yes
ac_cv_prog_make_make_set=yes
ac_cv_target=x86_64-unknown-linux-gnu
am_cv_CC_dependencies_compiler_type=gcc3
am_cv_CXX_dependencies_compiler_type=gcc3
lt_cv_deplibs_check_method=pass_all
lt_cv_file_magic_cmd='$MAGIC_CMD'
lt_cv_file_magic_test_file=
lt_cv_ld_reload_flag=-r
lt_cv_nm_interface='BSD nm'
lt_cv_objdir=.libs
lt_cv_path_LD=/usr/bin/ld
lt_cv_path_LDCXX='/usr/bin/ld -m elf_x86_64'
lt_cv_path_NM='/usr/bin/nm -B'
lt_cv_prog_compiler_c_o=yes
lt_cv_prog_compiler_c_o_CXX=yes
lt_cv_prog_compiler_pic_works=yes
lt_cv_prog_compiler_pic_works_CXX=yes
lt_cv_prog_compiler_rtti_exceptions=no
lt_cv_prog_compiler_static_works=yes
lt_cv_prog_compiler_static_works_CXX=yes
lt_cv_prog_gnu_ld=yes
lt_cv_prog_gnu_ldcxx=yes
lt_cv_sys_global_symbol_pipe='sed -n -e '\''s/^.*[	 ]\([ABCDGIRSTW][ABCDGIRSTW]*\)[	 ][	 ]*\([_A-Za-z][_A-Za-z0-9]*\)$/\1 \2 \2/p'\'''
lt_cv_sys_global_symbol_to_c_name_address='sed -n -e '\''s/^: \([^ ]*\) $/  {\"\1\", (void *) 0},/p'\'' -e '\''s/^[ABCDGIRSTW]* \([^ ]*\) \([^ ]*\)$/  {"\2", (void *) \&\2},/p'\'''
lt_cv_sys_global_symbol_to_c_name_address_lib_prefix='sed -n -e '\''s/^: \([^ ]*\) $/  {\"\1\", (void *) 0},/p'\'' -e '\''s/^[ABCDGIRSTW]* \([^ ]*\) \(lib[^ ]*\)$/  {"\2", (void *) \&\2},/p'\'' -e '\''s/^[ABCDGIRSTW]* \([^ ]*\) \([^ ]*\)$/  {"lib\2", (void *) \&\2},/p'\'''
lt_cv_sys_global_symbol_to_cdecl='sed -n -e '\''s/^T .* \(.*\)$/extern int \1();/p'\'' -e '\''s/^[ABCDGIRSTW]* .* \(.*\)$/extern char \1;/p'\'''
lt_cv_sys_max_cmd_len=1572864

## ----------------- ##
## Output variables. ##
## ----------------- ##

ACLOCAL='${SHELL} /home/tfjiang/mesquite-2.2.0/config_aux/missing --run aclocal-1.11'
AMDEPBACKSLASH='\'
AMDEP_FALSE='#'
AMDEP_TRUE=''
AMTAR='${SHELL} /home/tfjiang/mesquite-2.2.0/config_aux/missing --run tar'
AM_BACKSLASH='\'
AM_CPPFLAGS=' -DHAVE_TERMIOS_H -DHAVE_SYS_IOCTL_H -DHAVE_VSNPRINTF -DHAVE_VSPRINTF -DHAVE_CLOCK -DHAVE_TIMES -DHAVE_CBRT -DHAVE_FEENABLEEXCEPT'
AM_CXXFLAGS='  -Wall -pipe'
AM_DEFAULT_VERBOSITY='1'
AM_LDFLAGS=''
AR='ar'
AS='as'
AUTOCONF='${SHELL} /home/tfjiang/mesquite-2.2.0/config_aux/missing --run autoconf'
AUTOHEADER=':'
AUTOMAKE='${SHELL} /home/tfjiang/mesquite-2.2.0/config_aux/missing --run automake-1.11'
AWK='mawk'
BIBTEX='no'
CC='cc'
CCDEPMODE='depmode=gcc3'
CFLAGS='-g -O2'
CPP='cc -E'
CPPFLAGS=''
CPPUNIT_CPPFLAGS=''
CPPUNIT_LDFLAGS=' -lcppunit -ldl'
CXX='c++'
CXXCPP='c++ -E'
CXXDEPMODE='depmode=gcc3'
CXXFLAGS='-fPIC'
CYGPATH_W='echo'
DEFS='-DHAVE_CONFIG_H'
DEPDIR='.deps'
DLLTOOL='dlltool'
DOT='no'
DOT_DIR=''
DOXYGEN='no'
DOXYGEN_CHI='no'
DOXYGEN_HTML='no'
DOXYGEN_HTMLHELP='no'
DOXYGEN_LATEX='no'
DOXYGEN_MAN='no'
DOXYGEN_PDF='no'
DOXYGEN_PS='no'
DOXYGEN_RTF='no'
DOXYGEN_XML='no'
DSYMUTIL=''
DUMPBIN=''
DVIPS='no'
ECHO_C=''
ECHO_N='-n'
ECHO_T=''
EGREP='/bin/grep -E'
ENABLE_DOXYGEN=''
ENABLE_DOXYGEN_FALSE=''
ENABLE_DOXYGEN_TRUE='#'
ENABLE_IGEOM='no'
ENABLE_IGEOM_FALSE=''
ENABLE_IGEOM_TRUE='#'
ENABLE_IMESH='no'
ENABLE_IMESHP='no'
ENABLE_IMESHP_FALSE=''
ENABLE_IMESHP_TRUE='#'
ENABLE_IMESH_FALSE=''
ENABLE_IMESH_TRUE='#'
ENABLE_IREL='no'
ENABLE_IREL_FALSE=''
ENABLE_IREL_TRUE='#'
ENABLE_ITAPS_FALSE=''
ENABLE_ITAPS_TRUE='#'
EXEEXT=''
FGREP='/bin/grep -F'
GREP='/bin/grep'
HAVE_DOT='no'
IBASE_INCL=''
IGEOM_DEFS=''
IGEOM_INCL=''
IGEOM_LIBS=''
IMESHP_DEFS=''
IMESHP_INCL=''
IMESHP_LIBS=''
IMESH_DEFS=''
IMESH_INCL=''
IMESH_LIBS=''
INSTALL_DATA='${INSTALL} -m 644'
INSTALL_PROGRAM='${INSTALL}'
INSTALL_SCRIPT='${INSTALL}'
INSTALL_STRIP_PROGRAM='$(install_sh) -c -s'
IREL_DEFS=''
IREL_INCL=''
IREL_LIBS=''
LATEX='no'
LD='/usr/bin/ld -m elf_x86_64'
LDFLAGS=''
LIBOBJS=''
LIBS='-lm'
LIBTOOL='$(SHELL) $(top_builddir)/libtool'
LIPO=''
LN_S='ln -s'
LTLIBOBJS=''
MAKEINFO='${SHELL} /home/tfjiang/mesquite-2.2.0/config_aux/missing --run makeinfo'
MESQUITE_IMESH_MAKE_INCLUDE=''
MESQUITE_LIBS=' -lm'
MKDIR_P='/bin/mkdir -p'
MSQ_LIBTOOL_FLAGS=''
MSQ_LIBTOOL_PREFIX=''
NM='/usr/bin/nm -B'
NMEDIT=''
OBJDUMP='objdump'
OBJEXT='o'
OTOOL64=''
OTOOL=''
PACKAGE='mesquite'
PACKAGE_BUGREPORT=''
PACKAGE_NAME='Mesquite'
PACKAGE_STRING='Mesquite 2.2.0'
PACKAGE_TARNAME='mesquite'
PACKAGE_URL=''
PACKAGE_VERSION='2.2.0'
PATH_SEPARATOR=':'
PS2PDF='/usr/bin/ps2pdf'
RANLIB='ranlib'
SED='/bin/sed'
SET_MAKE=''
SHELL='/bin/bash'
STRIP='strip'
TEST_MAKE_INCLUDE='include ../../src/cppflags.make'
USER_GUIDE_PDF='no'
USER_GUIDE_PS='no'
UTIL_MAKE_INCLUDE='include ../src/cppflags.make'
VERSION='2.2.0'
WITH_CPPUNIT_FALSE=''
WITH_CPPUNIT_TRUE='#'
WITH_DOXYGEN_HTML_FALSE=''
WITH_DOXYGEN_HTML_TRUE='#'
WITH_DOXYGEN_PDF_FALSE=''
WITH_DOXYGEN_PDF_TRUE='#'
WITH_DOXYGEN_PS_FALSE=''
WITH_DOXYGEN_PS_TRUE='#'
WITH_EXODUS_FALSE=''
WITH_EXODUS_TRUE='#'
WITH_MPI_FALSE=''
WITH_MPI_TRUE='#'
WITH_USER_GUIDE_PDF_FALSE=''
WITH_USER_GUIDE_PDF_TRUE='#'
WITH_USER_GUIDE_PS_FALSE=''
WITH_USER_GUIDE_PS_TRUE='#'
ac_ct_CC='cc'
ac_ct_CXX='c++'
ac_ct_DUMPBIN=''
am__EXEEXT_FALSE=''
am__EXEEXT_TRUE='#'
am__fastdepCC_FALSE='#'
am__fastdepCC_TRUE=''
am__fastdepCXX_FALSE='#'
am__fastdepCXX_TRUE=''
am__include='include'
am__isrc=''
am__leading_dot='.'
am__quote=''
am__tar='${AMTAR} chof - "$$tardir"'
am__untar='${AMTAR} xf -'
bindir='${exec_prefix}/bin'
build='x86_64-unknown-linux-gnu'
build_alias=''
build_cpu='x86_64'
build_os='linux-gnu'
build_vendor='unknown'
datadir='${datarootdir}'
datarootdir='${prefix}/share'
docdir='${datarootdir}/doc/${PACKAGE_TARNAME}'
dvidir='${docdir}'
exec_prefix='${prefix}'
host='x86_64-unknown-linux-gnu'
host_alias=''
host_cpu='x86_64'
host_os='linux-gnu'
host_vendor='unknown'
htmldir='${docdir}'
includedir='${prefix}/include'
infodir='${datarootdir}/info'
install_sh='${SHELL} /home/tfjiang/mesquite-2.2.0/config_aux/install-sh'
libdir='${exec_prefix}/lib'
libexecdir='${exec_prefix}/libexec'
localedir='${datarootdir}/locale'
localstatedir='${prefix}/var'
lt_ECHO='echo'
mandir='${datarootdir}/man'
mkdir_p='/bin/mkdir -p'
oldincludedir='/usr/include'
pdfdir='${docdir}'
prefix='/usr/local'
program_transform_name='s,x,x,'
psdir='${docdir}'
sbindir='${exec_prefix}/sbin'
sharedstatedir='${prefix}/com'
sysconfdir='${prefix}/etc'
target='x86_64-unknown-linux-gnu'
target_alias=''
target_cpu='x86_64'
target_os='linux-gnu'
target_vendor='unknown'

## ----------- ##
## confdefs.h. ##
## ----------- ##

/* confdefs.h */
#define PACKAGE_NAME "Mesquite"
#define PACKAGE_TARNAME "mesquite"
#define PACKAGE_VERSION "2.2.0"
#define PACKAGE_STRING "Mesquite 2.2.0"
#define PACKAGE_BUGREPORT ""
#define PACKAGE_URL ""
#define PACKAGE "mesquite"
#define VERSION "2.2.0"
#define MSQ_VERSION "2.2.0"
#define MSQ_VERSION_MAJOR 2
#define MSQ_VERSION_MINOR 2
#define MSQ_VERSION_PATCH 0
#define MSQ_VERSION_STRING "Mesquite 2.2.0"
#define MESQUITE_NS Mesquite2
#define MESQUITE_NS_ALIAS 1
#define STDC_HEADERS 1
#define HAVE_SYS_TYPES_H 1
#define HAVE_SYS_STAT_H 1
#define HAVE_STDLIB_H 1
#define HAVE_STRING_H 1
#define HAVE_MEMORY_H 1
#define HAVE_STRINGS_H 1
#define HAVE_INTTYPES_H 1
#define HAVE_STDINT_H 1
#define HAVE_UNISTD_H 1
#define HAVE_DLFCN_H 1
#define LT_OBJDIR ".libs/"
#define STDC_HEADERS 1
#define HAVE_FCNTL_H 1
#define HAVE_STRINGS_H 1
#define HAVE_SYS_FILE_H 1
#define HAVE_SYS_TIME_H 1
#define HAVE_UNISTD_H 1
#define MSQ_HAVE_STDINT_H 1
#define MSQ_HAVE_INTTYPES_H 1
#define HAVE_VSNPRINTF 1
#define HAVE_VSPRINTF 1
#define HAVE_CLOCK 1
#define HAVE_TIMES 1
#define HAVE_CBRT 1
#define MSQ_FUNCTION __PRETTY_FUNCTION__

configure: exit 0
